<?xml version="1.0" encoding="UTF-8"?>
<testng-results ignored="0" total="4" passed="4" failed="0" skipped="0">
  <reporter-output>
  </reporter-output>
  <suite started-at="2023-04-03T21:18:28 IST" name="PetSuite" finished-at="2023-04-03T21:18:38 IST" duration-ms="10016">
    <groups>
    </groups>
    <test started-at="2023-04-03T21:18:28 IST" name="PetTest" finished-at="2023-04-03T21:18:38 IST" duration-ms="10016">
      <class name="api.test.UserTests">
        <test-method is-config="true" signature="setUp()[pri:0, instance:api.test.UserTests@436813f3]" started-at="2023-04-03T21:18:29 IST" name="setUp" finished-at="2023-04-03T21:18:29 IST" duration-ms="586" status="PASS">
          <reporter-output>
          </reporter-output>
        </test-method> <!-- setUp -->
        <test-method signature="testPostUser()[pri:1, instance:api.test.UserTests@436813f3]" started-at="2023-04-03T21:18:29 IST" name="testPostUser" finished-at="2023-04-03T21:18:32 IST" duration-ms="2950" status="PASS">
          <reporter-output>
          </reporter-output>
        </test-method> <!-- testPostUser -->
        <test-method signature="testGetUserByName()[pri:2, instance:api.test.UserTests@436813f3]" started-at="2023-04-03T21:18:32 IST" name="testGetUserByName" finished-at="2023-04-03T21:18:34 IST" duration-ms="1463" status="PASS">
          <reporter-output>
          </reporter-output>
        </test-method> <!-- testGetUserByName -->
        <test-method signature="testUpdateUserByName()[pri:3, instance:api.test.UserTests@436813f3]" started-at="2023-04-03T21:18:34 IST" name="testUpdateUserByName" finished-at="2023-04-03T21:18:37 IST" duration-ms="3059" status="PASS">
          <reporter-output>
          </reporter-output>
        </test-method> <!-- testUpdateUserByName -->
        <test-method signature="testDeleteUserByName()[pri:4, instance:api.test.UserTests@436813f3]" started-at="2023-04-03T21:18:37 IST" name="testDeleteUserByName" finished-at="2023-04-03T21:18:38 IST" duration-ms="1737" status="PASS">
          <reporter-output>
          </reporter-output>
        </test-method> <!-- testDeleteUserByName -->
      </class> <!-- api.test.UserTests -->
    </test> <!-- PetTest -->
  </suite> <!-- PetSuite -->
</testng-results>
