<?xml version="1.0" encoding="UTF-8"?>
<testng-results ignored="0" total="4" passed="4" failed="0" skipped="0">
  <reporter-output>
  </reporter-output>
  <suite started-at="2023-03-27T21:04:50 IST" name="PetSuite" finished-at="2023-03-27T21:04:59 IST" duration-ms="9437">
    <groups>
    </groups>
    <test started-at="2023-03-27T21:04:50 IST" name="PetTest" finished-at="2023-03-27T21:04:59 IST" duration-ms="9437">
      <class name="api.test.UserTests">
        <test-method is-config="true" signature="setUp()[pri:0, instance:api.test.UserTests@235ecd9f]" started-at="2023-03-27T21:04:50 IST" name="setUp" finished-at="2023-03-27T21:04:51 IST" duration-ms="594" status="PASS">
          <reporter-output>
          </reporter-output>
        </test-method> <!-- setUp -->
        <test-method signature="testPostUser()[pri:1, instance:api.test.UserTests@235ecd9f]" started-at="2023-03-27T21:04:51 IST" name="testPostUser" finished-at="2023-03-27T21:04:53 IST" duration-ms="2923" status="PASS">
          <reporter-output>
          </reporter-output>
        </test-method> <!-- testPostUser -->
        <test-method signature="testGetUserByName()[pri:2, instance:api.test.UserTests@235ecd9f]" started-at="2023-03-27T21:04:54 IST" name="testGetUserByName" finished-at="2023-03-27T21:04:55 IST" duration-ms="1374" status="PASS">
          <reporter-output>
          </reporter-output>
        </test-method> <!-- testGetUserByName -->
        <test-method signature="testUpdateUserByName()[pri:3, instance:api.test.UserTests@235ecd9f]" started-at="2023-03-27T21:04:55 IST" name="testUpdateUserByName" finished-at="2023-03-27T21:04:58 IST" duration-ms="2864" status="PASS">
          <reporter-output>
          </reporter-output>
        </test-method> <!-- testUpdateUserByName -->
        <test-method signature="testDeleteUserByName()[pri:4, instance:api.test.UserTests@235ecd9f]" started-at="2023-03-27T21:04:58 IST" name="testDeleteUserByName" finished-at="2023-03-27T21:04:59 IST" duration-ms="1431" status="PASS">
          <reporter-output>
          </reporter-output>
        </test-method> <!-- testDeleteUserByName -->
      </class> <!-- api.test.UserTests -->
    </test> <!-- PetTest -->
  </suite> <!-- PetSuite -->
</testng-results>
