<?xml version="1.0" encoding="UTF-8"?>
<!-- Generated by org.testng.reporters.JUnitXMLReporter -->
<testsuite ignored="0" hostname="FANTA" failures="0" tests="4" name="PetTest" time="10.016" errors="0" timestamp="2023-04-03T21:18:39 IST">
  <testcase classname="api.test.UserTests" name="testPostUser" time="2.95"/>
  <testcase classname="api.test.UserTests" name="testGetUserByName" time="1.463"/>
  <testcase classname="api.test.UserTests" name="testUpdateUserByName" time="3.059"/>
  <testcase classname="api.test.UserTests" name="testDeleteUserByName" time="1.737"/>
</testsuite> <!-- PetTest -->
