<?xml version="1.0" encoding="UTF-8"?>
<!-- Generated by org.testng.reporters.JUnitXMLReporter -->
<testsuite ignored="0" hostname="FANTA" failures="0" tests="4" name="PetTest" time="9.437" errors="0" timestamp="2023-03-27T21:04:59 IST">
  <testcase classname="api.test.UserTests" name="testPostUser" time="2.923"/>
  <testcase classname="api.test.UserTests" name="testGetUserByName" time="1.374"/>
  <testcase classname="api.test.UserTests" name="testUpdateUserByName" time="2.864"/>
  <testcase classname="api.test.UserTests" name="testDeleteUserByName" time="1.431"/>
</testsuite> <!-- PetTest -->
